# JRE version: OpenJDK Runtime Environment (8.0_242-b01) (build 1.8.0_242-release-1644-b01)
# Java VM: OpenJDK 64-Bit Server VM (25.242-b01 mixed mode windows-amd64 compressed oops)
Heap:
 PSYoungGen      total 449024K, used 185459K [0x00000000e0000000, 0x0000000100000000, 0x0000000100000000)
  eden space 417792K, 42% used [0x00000000e0000000,0x00000000eadb80e8,0x00000000f9800000)
  from space 31232K, 24% used [0x00000000fe180000,0x00000000fe8e4f00,0x0000000100000000)
  to   space 53248K, 0% used [0x00000000f9800000,0x00000000f9800000,0x00000000fcc00000)
 ParOldGen       total 199680K, used 98311K [0x00000000a0000000, 0x00000000ac300000, 0x00000000e0000000)
  object space 199680K, 49% used [0x00000000a0000000,0x00000000a6001ef8,0x00000000ac300000)
 Metaspace       used 97460K, capacity 100936K, committed 101912K, reserved 1138688K
  class space    used 12768K, capacity 13409K, committed 13608K, reserved 1048576K
GC Heap History (10 events):
Event: 3734.629 GC heap before
{Heap before GC invocations=13 (full 3):
 PSYoungGen      total 445952K, used 421376K [0x00000000e0000000, 0x0000000100000000, 0x0000000100000000)
  eden space 421376K, 100% used [0x00000000e0000000,0x00000000f9b80000,0x00000000f9b80000)
  from space 24576K, 0% used [0x00000000f9b80000,0x00000000f9b80000,0x00000000fb380000)
  to   space 25600K, 0% used [0x00000000fe700000,0x00000000fe700000,0x0000000100000000)
 ParOldGen       total 98816K, used 29891K [0x00000000a0000000, 0x00000000a6080000, 0x00000000e0000000)
  object space 98816K, 30% used [0x00000000a0000000,0x00000000a1d30c20,0x00000000a6080000)
 Metaspace       used 75002K, capacity 77900K, committed 78232K, reserved 1116160K
  class space    used 9983K, capacity 10557K, committed 10664K, reserved 1048576K
Event: 3734.728 GC heap after
Heap after GC invocations=13 (full 3):
 PSYoungGen      total 485376K, used 25580K [0x00000000e0000000, 0x0000000100000000, 0x0000000100000000)
  eden space 459776K, 0% used [0x00000000e0000000,0x00000000e0000000,0x00000000fc100000)
  from space 25600K, 99% used [0x00000000fe700000,0x00000000ffffb210,0x0000000100000000)
  to   space 32256K, 0% used [0x00000000fc100000,0x00000000fc100000,0x00000000fe080000)
 ParOldGen       total 98816K, used 38363K [0x00000000a0000000, 0x00000000a6080000, 0x00000000e0000000)
  object space 98816K, 38% used [0x00000000a0000000,0x00000000a2576d88,0x00000000a6080000)
 Metaspace       used 75002K, capacity 77900K, committed 78232K, reserved 1116160K
  class space    used 9983K, capacity 10557K, committed 10664K, reserved 1048576K
}
Event: 5064.766 GC heap before
{Heap before GC invocations=14 (full 3):
 PSYoungGen      total 485376K, used 172157K [0x00000000e0000000, 0x0000000100000000, 0x0000000100000000)
  eden space 459776K, 31% used [0x00000000e0000000,0x00000000e8f245d8,0x00000000fc100000)
  from space 25600K, 99% used [0x00000000fe700000,0x00000000ffffb210,0x0000000100000000)
  to   space 32256K, 0% used [0x00000000fc100000,0x00000000fc100000,0x00000000fe080000)
 ParOldGen       total 98816K, used 38363K [0x00000000a0000000, 0x00000000a6080000, 0x00000000e0000000)
  object space 98816K, 38% used [0x00000000a0000000,0x00000000a2576d88,0x00000000a6080000)
 Metaspace       used 77322K, capacity 80440K, committed 80536K, reserved 1118208K
  class space    used 10250K, capacity 10888K, committed 10920K, reserved 1048576K
Event: 5064.921 GC heap after
Heap after GC invocations=14 (full 3):
 PSYoungGen      total 492032K, used 9118K [0x00000000e0000000, 0x0000000100000000, 0x0000000100000000)
  eden space 459776K, 0% used [0x00000000e0000000,0x00000000e0000000,0x00000000fc100000)
  from space 32256K, 28% used [0x00000000fc100000,0x00000000fc9e7990,0x00000000fe080000)
  to   space 31232K, 0% used [0x00000000fe180000,0x00000000fe180000,0x0000000100000000)
 ParOldGen       total 98816K, used 58492K [0x00000000a0000000, 0x00000000a6080000, 0x00000000e0000000)
  object space 98816K, 59% used [0x00000000a0000000,0x00000000a391f0b0,0x00000000a6080000)
 Metaspace       used 77322K, capacity 80440K, committed 80536K, reserved 1118208K
  class space    used 10250K, capacity 10888K, committed 10920K, reserved 1048576K
}
Event: 5064.921 GC heap before
{Heap before GC invocations=15 (full 4):
 PSYoungGen      total 492032K, used 9118K [0x00000000e0000000, 0x0000000100000000, 0x0000000100000000)
  eden space 459776K, 0% used [0x00000000e0000000,0x00000000e0000000,0x00000000fc100000)
  from space 32256K, 28% used [0x00000000fc100000,0x00000000fc9e7990,0x00000000fe080000)
  to   space 31232K, 0% used [0x00000000fe180000,0x00000000fe180000,0x0000000100000000)
 ParOldGen       total 98816K, used 58492K [0x00000000a0000000, 0x00000000a6080000, 0x00000000e0000000)
  object space 98816K, 59% used [0x00000000a0000000,0x00000000a391f0b0,0x00000000a6080000)
 Metaspace       used 77322K, capacity 80440K, committed 80536K, reserved 1118208K
  class space    used 10250K, capacity 10888K, committed 10920K, reserved 1048576K
Event: 5065.541 GC heap after
Heap after GC invocations=15 (full 4):
 PSYoungGen      total 492032K, used 0K [0x00000000e0000000, 0x0000000100000000, 0x0000000100000000)
  eden space 459776K, 0% used [0x00000000e0000000,0x00000000e0000000,0x00000000fc100000)
  from space 32256K, 0% used [0x00000000fc100000,0x00000000fc100000,0x00000000fe080000)
  to   space 31232K, 0% used [0x00000000fe180000,0x00000000fe180000,0x0000000100000000)
 ParOldGen       total 98816K, used 44074K [0x00000000a0000000, 0x00000000a6080000, 0x00000000e0000000)
  object space 98816K, 44% used [0x00000000a0000000,0x00000000a2b0aab0,0x00000000a6080000)
 Metaspace       used 77026K, capacity 79946K, committed 80536K, reserved 1118208K
  class space    used 10199K, capacity 10791K, committed 10920K, reserved 1048576K
}
Event: 6951.092 GC heap before
{Heap before GC invocations=16 (full 4):
 PSYoungGen      total 492032K, used 459776K [0x00000000e0000000, 0x0000000100000000, 0x0000000100000000)
  eden space 459776K, 100% used [0x00000000e0000000,0x00000000fc100000,0x00000000fc100000)
  from space 32256K, 0% used [0x00000000fc100000,0x00000000fc100000,0x00000000fe080000)
  to   space 31232K, 0% used [0x00000000fe180000,0x00000000fe180000,0x0000000100000000)
 ParOldGen       total 98816K, used 44074K [0x00000000a0000000, 0x00000000a6080000, 0x00000000e0000000)
  object space 98816K, 44% used [0x00000000a0000000,0x00000000a2b0aab0,0x00000000a6080000)
 Metaspace       used 92666K, capacity 96330K, committed 96536K, reserved 1132544K
  class space    used 12072K, capacity 12784K, committed 12840K, reserved 1048576K
Event: 6951.397 GC heap after
Heap after GC invocations=16 (full 4):
 PSYoungGen      total 449024K, used 31200K [0x00000000e0000000, 0x0000000100000000, 0x0000000100000000)
  eden space 417792K, 0% used [0x00000000e0000000,0x00000000e0000000,0x00000000f9800000)
  from space 31232K, 99% used [0x00000000fe180000,0x00000000ffff8200,0x0000000100000000)
  to   space 53248K, 0% used [0x00000000f9800000,0x00000000f9800000,0x00000000fcc00000)
 ParOldGen       total 98816K, used 89475K [0x00000000a0000000, 0x00000000a6080000, 0x00000000e0000000)
  object space 98816K, 90% used [0x00000000a0000000,0x00000000a5760dc8,0x00000000a6080000)
 Metaspace       used 92666K, capacity 96330K, committed 96536K, reserved 1132544K
  class space    used 12072K, capacity 12784K, committed 12840K, reserved 1048576K
}
Event: 6951.398 GC heap before
{Heap before GC invocations=17 (full 5):
 PSYoungGen      total 449024K, used 31200K [0x00000000e0000000, 0x0000000100000000, 0x0000000100000000)
  eden space 417792K, 0% used [0x00000000e0000000,0x00000000e0000000,0x00000000f9800000)
  from space 31232K, 99% used [0x00000000fe180000,0x00000000ffff8200,0x0000000100000000)
  to   space 53248K, 0% used [0x00000000f9800000,0x00000000f9800000,0x00000000fcc00000)
 ParOldGen       total 98816K, used 89475K [0x00000000a0000000, 0x00000000a6080000, 0x00000000e0000000)
  object space 98816K, 90% used [0x00000000a0000000,0x00000000a5760dc8,0x00000000a6080000)
 Metaspace       used 92666K, capacity 96330K, committed 96536K, reserved 1132544K
  class space    used 12072K, capacity 12784K, committed 12840K, reserved 1048576K
Event: 6953.007 GC heap after
Heap after GC invocations=17 (full 5):
 PSYoungGen      total 449024K, used 7571K [0x00000000e0000000, 0x0000000100000000, 0x0000000100000000)
  eden space 417792K, 0% used [0x00000000e0000000,0x00000000e0000000,0x00000000f9800000)
  from space 31232K, 24% used [0x00000000fe180000,0x00000000fe8e4f00,0x0000000100000000)
  to   space 53248K, 0% used [0x00000000f9800000,0x00000000f9800000,0x00000000fcc00000)
 ParOldGen       total 199680K, used 98311K [0x00000000a0000000, 0x00000000ac300000, 0x00000000e0000000)
  object space 199680K, 49% used [0x00000000a0000000,0x00000000a6001ef8,0x00000000ac300000)
 Metaspace       used 91937K, capacity 95092K, committed 96536K, reserved 1132544K
  class space    used 11955K, capacity 12567K, committed 12840K, reserved 1048576K
}

